[36mINFO[0m[0011] [DEBUG 2025-06-13T05:39:45.930Z] Starting upload of medium-1MB.txt (1048576 bytes) from path /home/dev/WYSWYG/Load Testing/test_files/medium-1MB.txt 
[36mINFO[0m[0011] [DEBUG 2025-06-13T05:39:45.931Z] HTTP request prepared, sending to https://axxessio.wyswyg.in/api/v1/files/ 
[36mINFO[0m[0012] [DEBUG 2025-06-13T05:39:46.855Z] Starting upload of document-100KB.docx (102400 bytes) from path /home/dev/WYSWYG/Load Testing/test_files/document-100KB.docx 
[36mINFO[0m[0012] [DEBUG 2025-06-13T05:39:46.856Z] HTTP request prepared, sending to https://axxessio.wyswyg.in/api/v1/files/ 
[36mINFO[0m[0012] [DEBUG 2025-06-13T05:39:47.051Z] Starting upload of very-small-10KB.txt (10240 bytes) from path /home/dev/WYSWYG/Load Testing/test_files/very-small-10KB.txt 
[36mINFO[0m[0012] [DEBUG 2025-06-13T05:39:47.052Z] HTTP request prepared, sending to https://axxessio.wyswyg.in/api/v1/files/ 
[36mINFO[0m[0012] [DEBUG 2025-06-13T05:39:47.713Z] Starting upload of small-100KB.txt (102400 bytes) from path /home/dev/WYSWYG/Load Testing/test_files/small-100KB.txt 
[36mINFO[0m[0012] [DEBUG 2025-06-13T05:39:47.714Z] HTTP request prepared, sending to https://axxessio.wyswyg.in/api/v1/files/ 
[36mINFO[0m[0013] [DEBUG 2025-06-13T05:39:47.775Z] Starting upload of small-100KB.txt (102400 bytes) from path /home/dev/WYSWYG/Load Testing/test_files/small-100KB.txt 
[36mINFO[0m[0013] [DEBUG 2025-06-13T05:39:47.775Z] HTTP request prepared, sending to https://axxessio.wyswyg.in/api/v1/files/ 
[36mINFO[0m[0015] [DEBUG 2025-06-13T05:39:49.872Z] Upload successful for medium-1MB.txt, took 3940ms, file ID: ad37c402-d557-4402-aa7b-3dac9188188b 
[36mINFO[0m[0016] [DEBUG 2025-06-13T05:39:50.737Z] Upload FAILED for very-small-10KB.txt: Status 500 
[36mINFO[0m[0016] [DEBUG 2025-06-13T05:39:50.737Z] Response body: {"detail":"Failed to convert file to PDF"} 
[36mINFO[0m[0016] [DEBUG 2025-06-13T05:39:51.157Z] Upload successful for small-100KB.txt, took 3443ms, file ID: 48db10f9-f8de-4a9a-8c66-c8e0437e335a 
[36mINFO[0m[0017] [DEBUG 2025-06-13T05:39:52.530Z] Upload FAILED for small-100KB.txt: Status 500 
[36mINFO[0m[0017] [DEBUG 2025-06-13T05:39:52.530Z] Response body: {"detail":"Failed to convert file to PDF"} 
[36mINFO[0m[0018] [DEBUG 2025-06-13T05:39:53.028Z] Upload successful for document-100KB.docx, took 6172ms, file ID: 13006830-078a-46ac-b5f7-f990cb31a341 
[36mINFO[0m[0025] [DEBUG 2025-06-13T05:40:00.225Z] Starting upload of document-50KB.docx (51200 bytes) from path /home/dev/WYSWYG/Load Testing/test_files/document-50KB.docx 
[36mINFO[0m[0025] [DEBUG 2025-06-13T05:40:00.225Z] HTTP request prepared, sending to https://axxessio.wyswyg.in/api/v1/files/ 
[36mINFO[0m[0025] [DEBUG 2025-06-13T05:40:00.692Z] Starting upload of presentation-50KB.pptx (51200 bytes) from path /home/dev/WYSWYG/Load Testing/test_files/presentation-50KB.pptx 
[36mINFO[0m[0025] [DEBUG 2025-06-13T05:40:00.692Z] HTTP request prepared, sending to https://axxessio.wyswyg.in/api/v1/files/ 
[36mINFO[0m[0026] [DEBUG 2025-06-13T05:40:01.323Z] Starting upload of medium-1MB.txt (1048576 bytes) from path /home/dev/WYSWYG/Load Testing/test_files/medium-1MB.txt 
[36mINFO[0m[0026] [DEBUG 2025-06-13T05:40:01.323Z] HTTP request prepared, sending to https://axxessio.wyswyg.in/api/v1/files/ 
[36mINFO[0m[0028] [DEBUG 2025-06-13T05:40:02.897Z] Starting upload of presentation-50KB.pptx (51200 bytes) from path /home/dev/WYSWYG/Load Testing/test_files/presentation-50KB.pptx 
[36mINFO[0m[0028] [DEBUG 2025-06-13T05:40:02.897Z] HTTP request prepared, sending to https://axxessio.wyswyg.in/api/v1/files/ 
[36mINFO[0m[0028] [DEBUG 2025-06-13T05:40:03.153Z] Starting upload of small-100KB.txt (102400 bytes) from path /home/dev/WYSWYG/Load Testing/test_files/small-100KB.txt 
[36mINFO[0m[0028] [DEBUG 2025-06-13T05:40:03.153Z] HTTP request prepared, sending to https://axxessio.wyswyg.in/api/v1/files/ 
[36mINFO[0m[0029] [DEBUG 2025-06-13T05:40:04.528Z] Upload successful for medium-1MB.txt, took 3204ms, file ID: 21ad1d08-b83f-4117-a778-c3f6ddf302a3 
[36mINFO[0m[0030] [DEBUG 2025-06-13T05:40:08.499Z] Upload FAILED for presentation-50KB.pptx: Status 500 
[36mINFO[0m[0030] [DEBUG 2025-06-13T05:40:08.500Z] Response body: {"detail":"Failed to convert file to PDF"} 
[36mINFO[0m[0031] [DEBUG 2025-06-13T05:40:08.931Z] Upload successful for document-50KB.docx, took 8706ms, file ID: e764bf82-5001-47aa-a732-03e31462eca6 
[36mINFO[0m[0032] [DEBUG 2025-06-13T05:40:10.251Z] Upload FAILED for small-100KB.txt: Status 500 
[36mINFO[0m[0032] [DEBUG 2025-06-13T05:40:10.251Z] Response body: {"detail":"Failed to convert file to PDF"} 
[36mINFO[0m[0033] [DEBUG 2025-06-13T05:40:10.681Z] Upload successful for presentation-50KB.pptx, took 9989ms, file ID: fde8e328-4eb3-48b0-b04c-21b1af9950ee 
[36mINFO[0m[0041] [DEBUG 2025-06-13T05:40:18.800Z] Starting upload of small-100KB.txt (102400 bytes) from path /home/dev/WYSWYG/Load Testing/test_files/small-100KB.txt 
[36mINFO[0m[0041] [DEBUG 2025-06-13T05:40:18.800Z] HTTP request prepared, sending to https://axxessio.wyswyg.in/api/v1/files/ 
[36mINFO[0m[0041] [DEBUG 2025-06-13T05:40:19.187Z] Starting upload of spreadsheet-50KB.xlsx (51200 bytes) from path /home/dev/WYSWYG/Load Testing/test_files/spreadsheet-50KB.xlsx 
[36mINFO[0m[0041] [DEBUG 2025-06-13T05:40:19.187Z] HTTP request prepared, sending to https://axxessio.wyswyg.in/api/v1/files/ 
[36mINFO[0m[0042] [DEBUG 2025-06-13T05:40:19.803Z] Starting upload of medium-1MB.txt (1048576 bytes) from path /home/dev/WYSWYG/Load Testing/test_files/medium-1MB.txt 
[36mINFO[0m[0042] [DEBUG 2025-06-13T05:40:19.804Z] HTTP request prepared, sending to https://axxessio.wyswyg.in/api/v1/files/ 
[36mINFO[0m[0042] [DEBUG 2025-06-13T05:40:19.979Z] Starting upload of document-50KB.docx (51200 bytes) from path /home/dev/WYSWYG/Load Testing/test_files/document-50KB.docx 
[36mINFO[0m[0042] [DEBUG 2025-06-13T05:40:19.980Z] HTTP request prepared, sending to https://axxessio.wyswyg.in/api/v1/files/ 
[36mINFO[0m[0042] [DEBUG 2025-06-13T05:40:20.301Z] Starting upload of small-100KB.txt (102400 bytes) from path /home/dev/WYSWYG/Load Testing/test_files/small-100KB.txt 
[36mINFO[0m[0042] [DEBUG 2025-06-13T05:40:20.301Z] HTTP request prepared, sending to https://axxessio.wyswyg.in/api/v1/files/ 
[36mINFO[0m[0043] [DEBUG 2025-06-13T05:40:21.476Z] Upload successful for small-100KB.txt, took 2676ms, file ID: 710c0608-c43a-4e20-9aca-a173cc390893 
[36mINFO[0m[0044] [DEBUG 2025-06-13T05:40:22.598Z] Upload FAILED for spreadsheet-50KB.xlsx: Status 500 
[36mINFO[0m[0044] [DEBUG 2025-06-13T05:40:22.599Z] Response body: {"detail":"Failed to convert file to PDF"} 
[36mINFO[0m[0046] [DEBUG 2025-06-13T05:40:23.916Z] Upload successful for medium-1MB.txt, took 4111ms, file ID: dc27d779-b188-473d-bd80-4686c815da67 
[36mINFO[0m[0046] [DEBUG 2025-06-13T05:40:24.386Z] Upload FAILED for small-100KB.txt: Status 500 
[36mINFO[0m[0046] [DEBUG 2025-06-13T05:40:24.386Z] Response body: {"detail":"Failed to convert file to PDF"} 
[36mINFO[0m[0047] [DEBUG 2025-06-13T05:40:24.856Z] Upload successful for document-50KB.docx, took 4875ms, file ID: b0add558-95f2-4028-91e3-f80e1e20d353 
[36mINFO[0m[0053] [DEBUG 2025-06-13T05:40:30.841Z] Starting upload of medium-1MB.txt (1048576 bytes) from path /home/dev/WYSWYG/Load Testing/test_files/medium-1MB.txt 
[36mINFO[0m[0053] [DEBUG 2025-06-13T05:40:30.841Z] HTTP request prepared, sending to https://axxessio.wyswyg.in/api/v1/files/ 
[36mINFO[0m[0054] [DEBUG 2025-06-13T05:40:32.630Z] Starting upload of small-100KB.txt (102400 bytes) from path /home/dev/WYSWYG/Load Testing/test_files/small-100KB.txt 
[36mINFO[0m[0054] [DEBUG 2025-06-13T05:40:32.631Z] HTTP request prepared, sending to https://axxessio.wyswyg.in/api/v1/files/ 
[36mINFO[0m[0055] [DEBUG 2025-06-13T05:40:33.229Z] Upload successful for medium-1MB.txt, took 2388ms, file ID: edf3b37d-f50f-41e4-93f7-3cf600397cb1 
[36mINFO[0m[0055] [DEBUG 2025-06-13T05:40:33.664Z] Starting upload of document-100KB.docx (102400 bytes) from path /home/dev/WYSWYG/Load Testing/test_files/document-100KB.docx 
[36mINFO[0m[0055] [DEBUG 2025-06-13T05:40:33.664Z] HTTP request prepared, sending to https://axxessio.wyswyg.in/api/v1/files/ 
[36mINFO[0m[0056] [DEBUG 2025-06-13T05:40:34.326Z] Starting upload of spreadsheet-50KB.xlsx (51200 bytes) from path /home/dev/WYSWYG/Load Testing/test_files/spreadsheet-50KB.xlsx 
[36mINFO[0m[0056] [DEBUG 2025-06-13T05:40:34.326Z] HTTP request prepared, sending to https://axxessio.wyswyg.in/api/v1/files/ 
[36mINFO[0m[0056] [DEBUG 2025-06-13T05:40:34.356Z] Starting upload of document-100KB.docx (102400 bytes) from path /home/dev/WYSWYG/Load Testing/test_files/document-100KB.docx 
[36mINFO[0m[0056] [DEBUG 2025-06-13T05:40:34.356Z] HTTP request prepared, sending to https://axxessio.wyswyg.in/api/v1/files/ 
[36mINFO[0m[0057] [DEBUG 2025-06-13T05:40:35.180Z] Upload successful for small-100KB.txt, took 2548ms, file ID: b2a399b9-e1f5-43ff-94fa-764338a1f52b 
[36mINFO[0m[0058] [DEBUG 2025-06-13T05:40:36.666Z] Upload successful for document-100KB.docx, took 3002ms, file ID: 936b4b05-8cab-483c-bcf4-4a4d82caaa58 
[36mINFO[0m[0060] [DEBUG 2025-06-13T05:40:37.729Z] Upload FAILED for spreadsheet-50KB.xlsx: Status 500 
[36mINFO[0m[0060] [DEBUG 2025-06-13T05:40:37.729Z] Response body: {"detail":"Failed to convert file to PDF"} 
[36mINFO[0m[0060] [DEBUG 2025-06-13T05:40:38.012Z] Upload successful for document-100KB.docx, took 3656ms, file ID: f0be2081-32a3-4974-a785-f15f1653e272 
[36mINFO[0m[0065] [DEBUG 2025-06-13T05:40:46.500Z] Starting upload of spreadsheet-50KB.xlsx (51200 bytes) from path /home/dev/WYSWYG/Load Testing/test_files/spreadsheet-50KB.xlsx 
[36mINFO[0m[0065] [DEBUG 2025-06-13T05:40:46.501Z] HTTP request prepared, sending to https://axxessio.wyswyg.in/api/v1/files/ 
[36mINFO[0m[0067] [DEBUG 2025-06-13T05:40:48.574Z] Starting upload of document-50KB.docx (51200 bytes) from path /home/dev/WYSWYG/Load Testing/test_files/document-50KB.docx 
[36mINFO[0m[0067] [DEBUG 2025-06-13T05:40:48.574Z] HTTP request prepared, sending to https://axxessio.wyswyg.in/api/v1/files/ 
[36mINFO[0m[0068] [DEBUG 2025-06-13T05:40:48.915Z] Upload successful for spreadsheet-50KB.xlsx, took 2414ms, file ID: 994adcf4-df3c-40c4-b6fc-84fe6827b33f 
[36mINFO[0m[0068] [DEBUG 2025-06-13T05:40:49.601Z] Starting upload of very-small-10KB.txt (10240 bytes) from path /home/dev/WYSWYG/Load Testing/test_files/very-small-10KB.txt 
[36mINFO[0m[0068] [DEBUG 2025-06-13T05:40:49.602Z] HTTP request prepared, sending to https://axxessio.wyswyg.in/api/v1/files/ 
[36mINFO[0m[0070] [DEBUG 2025-06-13T05:40:50.828Z] Starting upload of presentation-50KB.pptx (51200 bytes) from path /home/dev/WYSWYG/Load Testing/test_files/presentation-50KB.pptx 
[36mINFO[0m[0070] [DEBUG 2025-06-13T05:40:50.829Z] HTTP request prepared, sending to https://axxessio.wyswyg.in/api/v1/files/ 
[36mINFO[0m[0070] [DEBUG 2025-06-13T05:40:50.913Z] Upload successful for document-50KB.docx, took 2339ms, file ID: 22ba4045-9599-4d07-949c-64f9f1d7d51c 
[36mINFO[0m[0070] [DEBUG 2025-06-13T05:40:51.026Z] Starting upload of document-100KB.docx (102400 bytes) from path /home/dev/WYSWYG/Load Testing/test_files/document-100KB.docx 
[36mINFO[0m[0070] [DEBUG 2025-06-13T05:40:51.026Z] HTTP request prepared, sending to https://axxessio.wyswyg.in/api/v1/files/ 
[36mINFO[0m[0071] [DEBUG 2025-06-13T05:40:52.576Z] Upload successful for very-small-10KB.txt, took 2974ms, file ID: ae510683-39e7-42a3-af9f-138d17011492 
[36mINFO[0m[0072] [DEBUG 2025-06-13T05:40:53.608Z] Upload FAILED for document-100KB.docx: Status 500 
[36mINFO[0m[0072] [DEBUG 2025-06-13T05:40:53.609Z] Response body: {"detail":"Failed to convert file to PDF"} 
[36mINFO[0m[0073] [DEBUG 2025-06-13T05:40:53.994Z] Upload successful for presentation-50KB.pptx, took 3165ms, file ID: 4d8d1cb3-3be1-4bd3-9aa9-bb763f9a2c36 
